#
# There is insufficient memory for the Java Runtime Environment to continue.
# Native memory allocation (mmap) failed to map 536870912 bytes for G1 virtual space
# Possible reasons:
#   The system is out of physical RAM or swap space
#   The process is running with CompressedOops enabled, and the Java Heap may be blocking the growth of the native heap
# Possible solutions:
#   Reduce memory load on the system
#   Increase physical memory or swap space
#   Check if swap backing store is full
#   Decrease Java heap size (-Xmx/-Xms)
#   Decrease number of Java threads
#   Decrease Java thread stack sizes (-Xss)
#   Set larger code cache with -XX:ReservedCodeCacheSize=
#   JVM is running with Zero Based Compressed Oops mode in which the Java heap is
#     placed in the first 32GB address space. The Java Heap base address is the
#     maximum limit for the native heap growth. Please use -XX:HeapBaseMinAddress
#     to set the Java Heap base and to place the Java Heap above 32GB virtual address.
# This output file may be truncated or incomplete.
#
#  Out of Memory Error (os_windows.cpp:3469), pid=18996, tid=17312
#
# JRE version:  (17.0.1+12) (build )
# Java VM: Java HotSpot(TM) 64-Bit Server VM (17.0.1+12-LTS-39, mixed mode, sharing, tiered, compressed oops, compressed class ptrs, g1 gc, windows-amd64)
# No core dump will be written. Minidumps are not enabled by default on client versions of Windows
#

---------------  S U M M A R Y ------------

Command Line: -agentlib:jdwp=transport=dt_socket,address=127.0.0.1:61356,suspend=y,server=n -javaagent:C:\Users\NGNAWEN\AppData\Local\JetBrains\IdeaIC2023.1\captureAgent\debugger-agent.jar -Dfile.encoding=UTF-8 com.belrose.springbootk8s.SpringBootK8sApplication

Host: Intel(R) Core(TM) i7-9750H CPU @ 2.60GHz, 12 cores, 31G,  Windows 10 , 64 bit Build 22621 (10.0.22621.2506)
Time: Thu Dec 14 06:11:19 2023 Est elapsed time: 0.025172 seconds (0d 0h 0m 0s)

---------------  T H R E A D  ---------------

Current thread (0x00000175698d4ae0):  JavaThread "Unknown thread" [_thread_in_vm, id=17312, stack(0x00000047d6100000,0x00000047d6200000)]

Stack: [0x00000047d6100000,0x00000047d6200000]
Native frames: (J=compiled Java code, j=interpreted, Vv=VM code, C=native code)
V  [jvm.dll+0x66fa1a]
V  [jvm.dll+0x7ce5a4]
V  [jvm.dll+0x7cfd4e]
V  [jvm.dll+0x7d03b3]
V  [jvm.dll+0x242b05]
V  [jvm.dll+0x66ca39]
V  [jvm.dll+0x661502]
V  [jvm.dll+0x30081b]
V  [jvm.dll+0x307da6]
V  [jvm.dll+0x357a1e]
V  [jvm.dll+0x357c4f]
V  [jvm.dll+0x2d7ad8]
V  [jvm.dll+0x2d8a44]
V  [jvm.dll+0x7a01e1]
V  [jvm.dll+0x365791]
V  [jvm.dll+0x77f6cc]
V  [jvm.dll+0x3e812f]
V  [jvm.dll+0x3e9bd1]
C  [jli.dll+0x527b]
C  [ucrtbase.dll+0x29363]
C  [KERNEL32.DLL+0x1257d]
C  [ntdll.dll+0x5aa58]


---------------  P R O C E S S  ---------------

Threads class SMR info:
_java_thread_list=0x00007ff8c59d7818, length=0, elements={
}

Java Threads: ( => current thread )

Other Threads:
  0x0000017569949e10 GCTaskThread "GC Thread#0" [stack: 0x00000047d6200000,0x00000047d6300000] [id=17536]
  0x000001756995bab0 ConcurrentGCThread "G1 Main Marker" [stack: 0x00000047d6300000,0x00000047d6400000] [id=2200]
  0x000001756995cb70 ConcurrentGCThread "G1 Conc#0" [stack: 0x00000047d6400000,0x00000047d6500000] [id=26836]

[error occurred during error reporting (printing all threads), id 0xc0000005, EXCEPTION_ACCESS_VIOLATION (0xc0000005) at pc=0x00007ff8c52284b7]

VM state: not at safepoint (not fully initialized)

VM Mutex/Monitor currently owned by a thread:  ([mutex/lock_event])
[0x00000175698cfc20] Heap_lock - owner thread: 0x00000175698d4ae0

Heap address: 0x0000000603800000, size: 8136 MB, Compressed Oops mode: Zero based, Oop shift amount: 3

CDS archive(s) mapped at: [0x0000000000000000-0x0000000000000000-0x0000000000000000), size 0, SharedBaseAddress: 0x0000000800000000, ArchiveRelocationMode: 0.
Narrow klass base: 0x0000000000000000, Narrow klass shift: 0, Narrow klass range: 0x0

GC Precious Log:
<Empty>

Heap:
 garbage-first heap   total 0K, used 0K [0x0000000603800000, 0x0000000800000000)
  region size 4096K, 0 young (0K), 0 survivors (0K)

[error occurred during error reporting (printing heap information), id 0xc0000005, EXCEPTION_ACCESS_VIOLATION (0xc0000005) at pc=0x00007ff8c5608d89]

GC Heap History (0 events):
No events

Deoptimization events (0 events):
No events

Classes unloaded (0 events):
No events

Classes redefined (0 events):
No events

Internal exceptions (0 events):
No events

VM Operations (0 events):
No events

Events (2 events):
Event: 0.018 Loaded shared library C:\Program Files\Java\jdk-17.0.1\bin\java.dll
Event: 0.020 Loaded shared library C:\Program Files\Java\jdk-17.0.1\bin\zip.dll


Dynamic libraries:
0x00007ff627cf0000 - 0x00007ff627d00000 	C:\Program Files\Java\jdk-17.0.1\bin\java.exe
0x00007ff97def0000 - 0x00007ff97e107000 	C:\WINDOWS\SYSTEM32\ntdll.dll
0x00007ff97c610000 - 0x00007ff97c6d4000 	C:\WINDOWS\System32\KERNEL32.DLL
0x00007ff97b560000 - 0x00007ff97b905000 	C:\WINDOWS\System32\KERNELBASE.dll
0x00007ff97b300000 - 0x00007ff97b411000 	C:\WINDOWS\System32\ucrtbase.dll
0x00007ff964e80000 - 0x00007ff964e98000 	C:\Program Files\Java\jdk-17.0.1\bin\jli.dll
0x00007ff964290000 - 0x00007ff9642aa000 	C:\Program Files\Java\jdk-17.0.1\bin\VCRUNTIME140.dll
0x00007ff97d930000 - 0x00007ff97d9e1000 	C:\WINDOWS\System32\ADVAPI32.dll
0x00007ff97c8b0000 - 0x00007ff97c957000 	C:\WINDOWS\System32\msvcrt.dll
0x00007ff97be60000 - 0x00007ff97bf06000 	C:\WINDOWS\System32\sechost.dll
0x00007ff97dd90000 - 0x00007ff97dea7000 	C:\WINDOWS\System32\RPCRT4.dll
0x00007ff97da60000 - 0x00007ff97dc0e000 	C:\WINDOWS\System32\USER32.dll
0x00007ff9556b0000 - 0x00007ff955943000 	C:\WINDOWS\WinSxS\amd64_microsoft.windows.common-controls_6595b64144ccf1df_6.0.22621.2506_none_270c5ae97388e100\COMCTL32.dll
0x00007ff97baa0000 - 0x00007ff97bac6000 	C:\WINDOWS\System32\win32u.dll
0x00007ff97bd90000 - 0x00007ff97bdb9000 	C:\WINDOWS\System32\GDI32.dll
0x00007ff97b910000 - 0x00007ff97ba29000 	C:\WINDOWS\System32\gdi32full.dll
0x00007ff97b260000 - 0x00007ff97b2fa000 	C:\WINDOWS\System32\msvcp_win.dll
0x00007ff96f0b0000 - 0x00007ff96f0ba000 	C:\WINDOWS\SYSTEM32\VERSION.dll
0x00007ff97cb70000 - 0x00007ff97cba1000 	C:\WINDOWS\System32\IMM32.DLL
0x00007ff964e70000 - 0x00007ff964e7c000 	C:\Program Files\Java\jdk-17.0.1\bin\vcruntime140_1.dll
0x00007ff95dfd0000 - 0x00007ff95e05d000 	C:\Program Files\Java\jdk-17.0.1\bin\msvcp140.dll
0x00007ff8c4f40000 - 0x00007ff8c5afe000 	C:\Program Files\Java\jdk-17.0.1\bin\server\jvm.dll
0x00007ff97da50000 - 0x00007ff97da58000 	C:\WINDOWS\System32\PSAPI.DLL
0x00007ff934630000 - 0x00007ff934639000 	C:\WINDOWS\SYSTEM32\WSOCK32.dll
0x00007ff978200000 - 0x00007ff978234000 	C:\WINDOWS\SYSTEM32\WINMM.dll
0x00007ff97dd10000 - 0x00007ff97dd81000 	C:\WINDOWS\System32\WS2_32.dll
0x00007ff97a2b0000 - 0x00007ff97a2c8000 	C:\WINDOWS\SYSTEM32\kernel.appcore.dll
0x00007ff964280000 - 0x00007ff96428a000 	C:\Program Files\Java\jdk-17.0.1\bin\jimage.dll
0x00007ff978a50000 - 0x00007ff978c83000 	C:\WINDOWS\SYSTEM32\DBGHELP.DLL
0x00007ff97c130000 - 0x00007ff97c4b9000 	C:\WINDOWS\System32\combase.dll
0x00007ff97c4c0000 - 0x00007ff97c597000 	C:\WINDOWS\System32\OLEAUT32.dll
0x00007ff9781c0000 - 0x00007ff9781f2000 	C:\WINDOWS\SYSTEM32\dbgcore.DLL
0x00007ff97b420000 - 0x00007ff97b49a000 	C:\WINDOWS\System32\bcryptPrimitives.dll
0x00007ff9686b0000 - 0x00007ff9686eb000 	C:\Program Files\Java\jdk-17.0.1\bin\jdwp.dll
0x00007ff972250000 - 0x00007ff97225e000 	C:\Program Files\Java\jdk-17.0.1\bin\instrument.dll
0x00007ff963d30000 - 0x00007ff963d55000 	C:\Program Files\Java\jdk-17.0.1\bin\java.dll
0x00007ff963300000 - 0x00007ff963318000 	C:\Program Files\Java\jdk-17.0.1\bin\zip.dll

dbghelp: loaded successfully - version: 4.0.5 - missing functions: none
symbol engine: initialized successfully - sym options: 0x614 - pdb path: .;C:\Program Files\Java\jdk-17.0.1\bin;C:\WINDOWS\SYSTEM32;C:\WINDOWS\WinSxS\amd64_microsoft.windows.common-controls_6595b64144ccf1df_6.0.22621.2506_none_270c5ae97388e100;C:\Program Files\Java\jdk-17.0.1\bin\server

VM Arguments:
jvm_args: -agentlib:jdwp=transport=dt_socket,address=127.0.0.1:61356,suspend=y,server=n -javaagent:C:\Users\NGNAWEN\AppData\Local\JetBrains\IdeaIC2023.1\captureAgent\debugger-agent.jar -Dfile.encoding=UTF-8 
java_command: com.belrose.springbootk8s.SpringBootK8sApplication
java_class_path (initial): C:\Users\NGNAWEN\IdeaProjects\spring-boot-docker-k8s\spring-boot-k8s\target\classes;C:\Users\NGNAWEN\.m2\repository\org\springframework\boot\spring-boot-starter-web\3.2.0\spring-boot-starter-web-3.2.0.jar;C:\Users\NGNAWEN\.m2\repository\org\springframework\boot\spring-boot-starter\3.2.0\spring-boot-starter-3.2.0.jar;C:\Users\NGNAWEN\.m2\repository\org\springframework\boot\spring-boot\3.2.0\spring-boot-3.2.0.jar;C:\Users\NGNAWEN\.m2\repository\org\springframework\boot\spring-boot-autoconfigure\3.2.0\spring-boot-autoconfigure-3.2.0.jar;C:\Users\NGNAWEN\.m2\repository\org\springframework\boot\spring-boot-starter-logging\3.2.0\spring-boot-starter-logging-3.2.0.jar;C:\Users\NGNAWEN\.m2\repository\ch\qos\logback\logback-classic\1.4.11\logback-classic-1.4.11.jar;C:\Users\NGNAWEN\.m2\repository\ch\qos\logback\logback-core\1.4.11\logback-core-1.4.11.jar;C:\Users\NGNAWEN\.m2\repository\org\apache\logging\log4j\log4j-to-slf4j\2.21.1\log4j-to-slf4j-2.21.1.jar;C:\Users\NGNAWEN\.m2\repository\org\apache\logging\log4j\log4j-api\2.21.1\log4j-api-2.21.1.jar;C:\Users\NGNAWEN\.m2\repository\org\slf4j\jul-to-slf4j\2.0.9\jul-to-slf4j-2.0.9.jar;C:\Users\NGNAWEN\.m2\repository\jakarta\annotation\jakarta.annotation-api\2.1.1\jakarta.annotation-api-2.1.1.jar;C:\Users\NGNAWEN\.m2\repository\org\yaml\snakeyaml\2.2\snakeyaml-2.2.jar;C:\Users\NGNAWEN\.m2\repository\org\springframework\boot\spring-boot-starter-json\3.2.0\spring-boot-starter-json-3.2.0.jar;C:\Users\NGNAWEN\.m2\repository\com\fasterxml\jackson\core\jackson-databind\2.15.3\jackson-databind-2.15.3.jar;C:\Users\NGNAWEN\.m2\repository\com\fasterxml\jackson\core\jackson-annotations\2.15.3\jackson-annotations-2.15.3.jar;C:\Users\NGNAWEN\.m2\repository\com\fasterxml\jackson\core\jackson-core\2.15.3\jackson-core-2.15.3.jar;C:\Users\NGNAWEN\.m2\repository\com\fasterxml\jackson\datatype\jackson-datatype-jdk8\2.15.3\jackson-datatype-jdk8-2.15.3.jar;C:\Users\NGNAWEN\.m2\repository\com\fasterxml\jackson\datatype\ja
Launcher Type: SUN_STANDARD

[Global flags]
     intx CICompilerCount                          = 4                                         {product} {ergonomic}
     uint ConcGCThreads                            = 3                                         {product} {ergonomic}
     uint G1ConcRefinementThreads                  = 10                                        {product} {ergonomic}
   size_t G1HeapRegionSize                         = 4194304                                   {product} {ergonomic}
    uintx GCDrainStackTargetSize                   = 64                                        {product} {ergonomic}
   size_t InitialHeapSize                          = 536870912                                 {product} {ergonomic}
   size_t MarkStackSize                            = 4194304                                   {product} {ergonomic}
   size_t MaxHeapSize                              = 8531214336                                {product} {ergonomic}
   size_t MinHeapDeltaBytes                        = 4194304                                   {product} {ergonomic}
   size_t MinHeapSize                              = 8388608                                   {product} {ergonomic}
    uintx NonNMethodCodeHeapSize                   = 5839372                                {pd product} {ergonomic}
    uintx NonProfiledCodeHeapSize                  = 122909434                              {pd product} {ergonomic}
    uintx ProfiledCodeHeapSize                     = 122909434                              {pd product} {ergonomic}
    uintx ReservedCodeCacheSize                    = 251658240                              {pd product} {ergonomic}
     bool SegmentedCodeCache                       = true                                      {product} {ergonomic}
   size_t SoftMaxHeapSize                          = 8531214336                             {manageable} {ergonomic}
     bool UseCompressedClassPointers               = true                           {product lp64_product} {ergonomic}
     bool UseCompressedOops                        = true                           {product lp64_product} {ergonomic}
     bool UseG1GC                                  = true                                      {product} {ergonomic}
     bool UseLargePagesIndividualAllocation        = false                                  {pd product} {ergonomic}

Logging:
Log output configuration:
 #0: stdout all=warning uptime,level,tags
 #1: stderr all=off uptime,level,tags

Environment Variables:
JAVA_HOME=C:\Program Files\Java\jdk-17.0.1
PATH=C:\Program Files\Java\jdk-17.0.1\bin;C:\Program Files\Common Files\Oracle\Java\javapath;C:\WINDOWS\system32;C:\WINDOWS;C:\WINDOWS\System32\Wbem;C:\WINDOWS\System32\WindowsPowerShell\v1.0\;C:\WINDOWS\System32\OpenSSH\;C:\Program Files (x86)\MySQL\MySQL Server 5.0\bin;C:\Program Files\apache-maven-3.8.1\bin;C:\TDM-GCC-32\bin;C:\Program Files\Git\cmd;C:\ProgramData\chocolatey\bin;C:\Users\NGNAWEN\AppData\Roaming\nvm;C:\Program Files\nodejs;C:\Program Files\dotnet\;C:\Program Files (x86)\dotnet\;C:\Program Files\nodejs\;;C:\Program Files\Docker\Docker\resources\bin;C:\Program Files\Meld\;C:\Program Files\Java\jdk-17.0.1\bin;C:\Users\NGNAWEN\AppData\Local\Microsoft\WindowsApps;C:\tools\gradle-6.9.1\bin;C:\tools\groovy-3.0.8\bin;C:\Users\NGNAWEN\AppData\Roaming\nvm;C:\Program Files\nodejs;C:\Users\NGNAWEN\.dotnet\tools;C:\Users\NGNAWEN\AppData\Roaming\npm;C:\Users\NGNAWEN\AppData\Local\Microsoft\WindowsApps;C:\Users\NGNAWEN\AppData\Local\GitHubDesktop\bin;C:\Users\NGNAWEN\AppData\Local\Programs\Microsoft VS Code\bin;C:\Program Files\JetBrains\IntelliJ IDEA Community Edition 2022.2\bin;C:\Users\NGNAWEN\AppData\Local\JetBrains\Toolbox\scripts;
USERNAME=NGNAWEN
OS=Windows_NT
PROCESSOR_IDENTIFIER=Intel64 Family 6 Model 158 Stepping 10, GenuineIntel



---------------  S Y S T E M  ---------------

OS:
 Windows 10 , 64 bit Build 22621 (10.0.22621.2506)
OS uptime: 2 days 15:52 hours
Hyper-V role detected

CPU: total 12 (initial active 12) (6 cores per cpu, 2 threads per core) family 6 model 158 stepping 10 microcode 0xde, cx8, cmov, fxsr, ht, mmx, 3dnowpref, sse, sse2, sse3, ssse3, sse4.1, sse4.2, popcnt, lzcnt, tsc, tscinvbit, avx, avx2, aes, erms, clmul, bmi1, bmi2, adx, fma, vzeroupper, clflush, clflushopt, hv

Memory: 4k page, system-wide physical 32535M (10822M free)
TotalPageFile size 35417M (AvailPageFile size 377M)
current process WorkingSet (physical memory assigned to process): 11M, peak: 11M
current process commit charge ("private bytes"): 64M, peak: 576M

vm_info: Java HotSpot(TM) 64-Bit Server VM (17.0.1+12-LTS-39) for windows-amd64 JRE (17.0.1+12-LTS-39), built on Sep 27 2021 18:41:35 by "mach5one" with MS VC++ 16.8 (VS2019)

END.
